\BOOKMARK [1][-]{section*.1}{Inhaltsverzeichnis}{}% 1
\BOOKMARK [0][-]{chapter.1}{Einführung}{}% 2
\BOOKMARK [0][-]{chapter.2}{Grundlagen}{}% 3
\BOOKMARK [1][-]{section.2.1}{HTML5}{chapter.2}% 4
\BOOKMARK [2][-]{subsection.2.1.1}{Dokumenobjektmodell}{section.2.1}% 5
\BOOKMARK [2][-]{subsection.2.1.2}{Cascading\040Stylesheets}{section.2.1}% 6
\BOOKMARK [3][-]{subsubsection.2.1.2.1}{LESS}{subsection.2.1.2}% 7
\BOOKMARK [2][-]{subsection.2.1.3}{JavaScript}{section.2.1}% 8
\BOOKMARK [3][-]{subsubsection.2.1.3.1}{CoffeeScript}{subsection.2.1.3}% 9
\BOOKMARK [2][-]{subsection.2.1.4}{HTTP}{section.2.1}% 10
\BOOKMARK [3][-]{subsubsection.2.1.4.1}{AJAX}{subsection.2.1.4}% 11
\BOOKMARK [3][-]{subsubsection.2.1.4.2}{WebSockets}{subsection.2.1.4}% 12
\BOOKMARK [2][-]{subsection.2.1.5}{JavaScript-Bibliotheken}{section.2.1}% 13
\BOOKMARK [3][-]{subsubsection.2.1.5.1}{jQuery}{subsection.2.1.5}% 14
\BOOKMARK [3][-]{subsubsection.2.1.5.2}{Backbone}{subsection.2.1.5}% 15
\BOOKMARK [3][-]{subsubsection.2.1.5.3}{RequireJS}{subsection.2.1.5}% 16
\BOOKMARK [1][-]{section.2.2}{Scala}{chapter.2}% 17
\BOOKMARK [2][-]{subsection.2.2.1}{Sprachkonzepte}{section.2.2}% 18
\BOOKMARK [3][-]{subsubsection.2.2.1.1}{Implizite\040Parameter}{subsection.2.2.1}% 19
\BOOKMARK [3][-]{subsubsection.2.2.1.2}{Implizite\040Konversionen}{subsection.2.2.1}% 20
\BOOKMARK [3][-]{subsubsection.2.2.1.3}{Typklassen}{subsection.2.2.1}% 21
\BOOKMARK [3][-]{subsubsection.2.2.1.4}{Dynamische\040Typisierung}{subsection.2.2.1}% 22
\BOOKMARK [2][-]{subsection.2.2.2}{Akka}{section.2.2}% 23
\BOOKMARK [2][-]{subsection.2.2.3}{Play\040Framework}{section.2.2}% 24
\BOOKMARK [3][-]{subsubsection.2.2.3.1}{LESS}{subsection.2.2.3}% 25
\BOOKMARK [3][-]{subsubsection.2.2.3.2}{CoffeeScript}{subsection.2.2.3}% 26
\BOOKMARK [3][-]{subsubsection.2.2.3.3}{RequireJS}{subsection.2.2.3}% 27
\BOOKMARK [3][-]{subsubsection.2.2.3.4}{Iteratees}{subsection.2.2.3}% 28
\BOOKMARK [3][-]{subsubsection.2.2.3.5}{Websockets}{subsection.2.2.3}% 29
\BOOKMARK [1][-]{section.2.3}{Isabelle}{chapter.2}% 30
\BOOKMARK [0][-]{chapter.3}{Entwurf}{}% 31
\BOOKMARK [0][-]{appendix.A}{Appendix}{}% 32
\BOOKMARK [1][-]{section.A.1}{Abbildungsverzeichnis}{appendix.A}% 33
\BOOKMARK [1][-]{section.A.2}{Tabellenverzeichnis}{appendix.A}% 34
